14:41:10,839 root INFO ID: 3536356
14:41:11,259 root INFO Elapse days: 3
14:41:11,259 root INFO ODO Diff: 633
14:41:11,259 root INFO Max Count: 211.0
14:41:12,258 root INFO ODO: 155062
14:41:12,259 root INFO Photo ID: 1
14:41:12,259 root INFO Image URL: https://storage.googleapis.com/stickearn-cloudstorage-adminpanel/evaluation-photos/2021/9/y3eU1bRX72xBSHO7Bszi07cIfIhlNYEYgwziFEHx.png
14:41:12,259 root INFO Plate Number: L 1842 CC
14:41:13,928 root INFO Result:
14:41:13,928 root INFO Odo input: 155062
14:41:13,928 root INFO Odo result: 01017
14:41:13,929 root INFO Odo status: matched
14:41:14,339 root INFO ODO: 155062
14:41:14,339 root INFO Photo ID: 2
14:41:14,339 root INFO Image URL: https://storage.googleapis.com/stickearn-cloudstorage-adminpanel/evaluation-photos/2021/9/sfz0XUHvEg2KA4EI2eItxSgd2rEW4kZIAi33zHSj.png
14:41:14,340 root INFO Plate Number: L 1842 CC
14:41:15,856 root INFO Result:
14:41:15,856 root INFO Plate input: L1842CC
14:41:15,856 root INFO Plate result: ['1842']
14:41:15,856 root INFO Plate status: matched


14:41:15,856 root INFO ID: 3536883
14:41:16,314 root INFO Elapse days: 3
14:41:16,314 root INFO ODO Diff: 831
14:41:16,315 root INFO Max Count: 277.0
14:41:17,135 root INFO ODO: 201444
14:41:17,136 root INFO Photo ID: 1
14:41:17,137 root INFO Image URL: https://storage.googleapis.com/stickearn-cloudstorage-adminpanel/evaluation-photos/2021/9/frH3nFo6S6KFpwyXogwmvy4bDO8CnXdjHUUniHft.png
14:41:17,137 root INFO Plate Number: L 1092 EF
14:41:18,475 root INFO Result:
14:41:18,475 root INFO Odo input: 201444
14:41:18,475 root INFO Odo result: 201444
14:41:18,475 root INFO Odo status: matched
14:41:18,933 root INFO ODO: 201444
14:41:18,934 root INFO Photo ID: 2
14:41:18,935 root INFO Image URL: https://storage.googleapis.com/stickearn-cloudstorage-adminpanel/evaluation-photos/2021/9/nciJK9snp5YQOAKKSR2AwmNRrZNAEVvHyqfvtS7c.png
14:41:18,935 root INFO Plate Number: L 1092 EF
14:41:20,492 root INFO Result:
14:41:20,492 root INFO Plate input: L1092EF
14:41:20,492 root INFO Plate result: ['2']
14:41:20,492 root INFO Plate status: matched


14:42:48,123 root INFO ID: 3536356
14:42:48,542 root INFO Elapse days: 3
14:42:48,542 root INFO ODO Diff: 633
14:42:48,542 root INFO Max Count: 211.0
14:42:49,372 root INFO ODO: 155062
14:42:49,373 root INFO Photo ID: 1
14:42:49,373 root INFO Image URL: https://s3-us-west-2.amazonaws.com/stickearn-registration/[B@c314194_[B@f6c343d_[B@d2b0432_kendaraan.jpg
14:42:49,374 root INFO Plate Number: L 1842 CC
14:43:38,227 root INFO ID: 3536356
14:43:38,629 root INFO Elapse days: 3
14:43:38,629 root INFO ODO Diff: 633
14:43:38,630 root INFO Max Count: 211.0
14:43:39,424 root INFO ODO: 155062
14:43:39,425 root INFO Photo ID: 1
14:43:39,425 root INFO Image URL: https://s3-us-west-2.amazonaws.com/stickearn-registration/[B@c314194_[B@f6c343d_[B@d2b0432_kendaraan.jpg
14:43:39,425 root INFO Plate Number: L 1842 CC
14:45:20,924 root INFO ID: 3536356
14:45:21,457 root INFO Elapse days: 3
14:45:21,457 root INFO ODO Diff: 633
14:45:21,458 root INFO Max Count: 211.0
14:45:22,281 root INFO ODO: 155062
14:45:22,281 root INFO Photo ID: 1
14:45:22,281 root INFO Image URL: https://s3-us-west-2.amazonaws.com/stickearn-registration/[B@c314194_[B@f6c343d_[B@d2b0432_kendaraan.jpg
14:45:22,282 root INFO Plate Number: L 1842 CC
